Oct 03, 2024 7:13:38 PM com.jslam.controller.SettingsWindowController logErrorAction
FINE: Logger Started at: 
Oct 03, 2024 7:13:39 PM com.jslam.controller.SettingsWindowController logErrorAction
FINE: Logger ended at: 
Oct 03, 2024 7:13:43 PM com.jslam.controller.SettingsWindowController logErrorAction
FINE: Logger Started at: 
Oct 03, 2024 7:13:53 PM com.jslam.controller.SettingsWindowController logErrorAction
FINE: Logger ended at: 
Oct 03, 2024 7:13:57 PM com.jslam.controller.SettingsWindowController steamAppsButtonAction
WARNING: FolderOverride not enabled
Oct 03, 2024 7:14:35 PM com.jslam.controller.SettingsWindowController logErrorAction
FINE: Logger Started at: 
Oct 03, 2024 7:14:39 PM com.jslam.controller.SettingsWindowController logErrorAction
FINE: Logger ended at: 
Oct 03, 2024 7:14:39 PM com.jslam.controller.SettingsWindowController logErrorAction
FINE: Logger Started at: 
Oct 03, 2024 7:15:01 PM com.jslam.controller.SettingsWindowController logErrorAction
FINE: Logger Started at: 2024-10-03
Oct 03, 2024 7:15:09 PM com.jslam.controller.SettingsWindowController steamAppsButtonAction
FINE: FolderDetectionBox is checked
Oct 03, 2024 7:15:09 PM com.jslam.controller.SettingsWindowController steamAppsButtonAction
FINE: FileChooser set to Directories only mode
Oct 03, 2024 7:15:26 PM com.jslam.controller.SettingsWindowController steamAppsButtonAction
WARNING: FolderOverride not enabled
Oct 03, 2024 7:15:28 PM com.jslam.controller.SettingsWindowController steamAppsButtonAction
WARNING: FolderOverride not enabled
Oct 03, 2024 7:15:29 PM com.jslam.controller.SettingsWindowController steamAppsButtonAction
WARNING: FolderOverride not enabled
Oct 03, 2024 7:23:45 PM com.jslam.controller.SettingsWindowController logErrorAction
FINE: Logger Started at: 03/10/2024 19:23
Oct 03, 2024 7:23:55 PM com.jslam.controller.SettingsWindowController steamAppsButtonAction
FINE: FolderDetectionBox is checked
Oct 03, 2024 7:23:55 PM com.jslam.controller.SettingsWindowController steamAppsButtonAction
FINE: FileChooser set to Directories only mode
Oct 03, 2024 7:24:02 PM com.jslam.controller.SettingsWindowController logErrorAction
FINE: Logger ended at: 03/10/2024 19:23
Oct 03, 2024 7:24:03 PM com.jslam.controller.SettingsWindowController steamAppsButtonAction
WARNING: FolderOverride not enabled
Oct 03, 2024 7:24:07 PM com.jslam.controller.SettingsWindowController steamAppsButtonAction
WARNING: FolderOverride not enabled
Oct 03, 2024 7:25:14 PM com.jslam.controller.SettingsWindowController logErrorAction
FINE: Logger Started at: 03/10/2024 19:25
Oct 03, 2024 7:31:24 PM com.jslam.controller.SettingsWindowController logMessage
FINE: Logger Started at: 03/10/2024 19:31
Oct 03, 2024 7:31:29 PM com.jslam.controller.SettingsWindowController logMessage
WARNING: FolderOverride not enabled
Oct 03, 2024 7:45:51 PM com.jslam.controller.SettingsWindowController logMessage
FINE: Logger Started at: 03/10/2024 19:45
Oct 03, 2024 7:45:53 PM com.jslam.controller.SettingsWindowController logMessage
WARNING: FolderOverride not enabled
Oct 03, 2024 7:45:56 PM com.jslam.controller.SettingsWindowController logMessage
FINE: FolderDetectionBox is checked
Oct 03, 2024 7:45:56 PM com.jslam.controller.SettingsWindowController logMessage
FINE: FileChooser set to Directories only mode
Oct 03, 2024 7:45:59 PM com.jslam.controller.SettingsWindowController logMessage
FINE: FileChooser menu opened
Oct 03, 2024 7:45:59 PM com.jslam.controller.SettingsWindowController logMessage
FINE: steamAppsTextField set to C:\Users\burni\Documents\Battlefield 4
Oct 03, 2024 7:53:17 PM com.jslam.controller.SettingsWindowController logMessage
FINE: Logger Started
Oct 03, 2024 7:53:20 PM com.jslam.controller.SettingsWindowController logMessage
FINE: FolderDetectionBox is checked
Oct 03, 2024 7:53:20 PM com.jslam.controller.SettingsWindowController logMessage
FINE: FileChooser set to Directories only mode
Oct 03, 2024 7:53:22 PM com.jslam.controller.SettingsWindowController logMessage
FINE: FileChooser menu opened
Oct 03, 2024 7:53:22 PM com.jslam.controller.SettingsWindowController logMessage
FINE: steamAppsTextField set to C:\Users\burni\Documents\Call of Duty
Oct 03, 2024 7:53:30 PM com.jslam.controller.SettingsWindowController logMessage
WARNING: FolderOverride not enabled
Oct 03, 2024 7:53:43 PM com.jslam.controller.SettingsWindowController logMessage
FINE: FolderDetectionBox is checked
Oct 03, 2024 7:53:43 PM com.jslam.controller.SettingsWindowController logMessage
FINE: FileChooser set to Directories only mode
Oct 03, 2024 7:53:45 PM com.jslam.controller.SettingsWindowController logMessage
FINE: FileChooser menu opened
Oct 03, 2024 7:53:45 PM com.jslam.controller.SettingsWindowController logMessage
FINE: userDataTextFieldBox set to C:\Users\burni\Documents\Teardown
Oct 13, 2024 5:23:34 PM com.jslam.controller.SettingsWindowController logMessage
FINE: Logger Started
Oct 13, 2024 5:23:37 PM com.jslam.controller.SettingsWindowController logMessage
FINE: Logger Started
Oct 13, 2024 5:25:18 PM com.jslam.controller.SettingsWindowController logMessage
FINE: Logger Started
Oct 14, 2024 5:23:07 PM com.jslam.controller.SettingsWindowController logMessage
FINE: Logger Started
Oct 14, 2024 5:37:33 PM com.jslam.controller.SettingsWindowController logMessage
FINE: Logger Started
Oct 14, 2024 5:37:36 PM com.jslam.controller.SettingsWindowController logMessage
FINE: Logger Started
Oct 14, 2024 5:37:37 PM com.jslam.controller.SettingsWindowController logMessage
FINE: Logger Started
Oct 14, 2024 5:46:10 PM com.jslam.controller.SettingsWindowController logMessage
FINE: Logger Started
Oct 14, 2024 5:46:19 PM com.jslam.controller.SettingsWindowController logMessage
FINE: Logger Started
Oct 14, 2024 5:49:13 PM com.jslam.controller.SettingsWindowController logMessage
FINE: Logger Started
Oct 14, 2024 5:49:47 PM com.jslam.controller.SettingsWindowController logMessage
FINE: Logger Started
Oct 14, 2024 5:49:53 PM com.jslam.controller.SettingsWindowController logMessage
FINE: Logger Started
Oct 14, 2024 5:50:10 PM com.jslam.controller.SettingsWindowController logMessage
FINE: Logger Started
Oct 14, 2024 5:50:18 PM com.jslam.controller.SettingsWindowController logMessage
FINE: Logger Started
Oct 14, 2024 5:50:23 PM com.jslam.controller.SettingsWindowController logMessage
FINE: Logger Started
Oct 14, 2024 5:50:25 PM com.jslam.controller.SettingsWindowController logMessage
FINE: Logger Started
Oct 14, 2024 6:27:27 PM com.jslam.controller.SettingsWindowController logMessage
FINE: Logger Started
Oct 14, 2024 6:27:43 PM com.jslam.controller.SettingsWindowController logMessage
FINE: Logger Started
Oct 14, 2024 6:27:44 PM com.jslam.controller.SettingsWindowController logMessage
FINE: Logger Started
Oct 14, 2024 7:13:19 PM com.jslam.controller.SettingsWindowController logMessage
FINE: Logger Started
Oct 14, 2024 7:13:22 PM com.jslam.controller.SettingsWindowController logMessage
FINE: Logger Started
Oct 14, 2024 7:18:50 PM com.jslam.controller.SettingsWindowController logMessage
FINE: Logger Started
Oct 14, 2024 7:30:44 PM com.jslam.controller.SettingsWindowController logMessage
FINE: Set logMessage to: true
Oct 14, 2024 7:30:44 PM com.jslam.controller.SettingsWindowController logMessage
FINE: Saved logMessage to: src\main\java\com\jslam\controller\config\config.xml
Oct 14, 2024 7:30:44 PM com.jslam.controller.SettingsWindowController logMessage
FINE: Logger Started
Oct 14, 2024 7:30:46 PM com.jslam.controller.SettingsWindowController logMessage
FINE: Set startEnabled to: true
Oct 14, 2024 7:30:46 PM com.jslam.controller.SettingsWindowController logMessage
FINE: Saved startEnabled to: src\main\java\com\jslam\controller\config\config.xml
Oct 14, 2024 7:30:50 PM com.jslam.controller.SettingsWindowController logMessage
FINE: Set startEnabled to: false
Oct 14, 2024 7:30:50 PM com.jslam.controller.SettingsWindowController logMessage
FINE: Saved startEnabled to: src\main\java\com\jslam\controller\config\config.xml
Oct 14, 2024 7:30:55 PM com.jslam.controller.SettingsWindowController logMessage
FINE: Set setMinSystemTray to: true
Oct 14, 2024 7:30:55 PM com.jslam.controller.SettingsWindowController logMessage
FINE: Saved setMinSystemTray to: src\main\java\com\jslam\controller\config\config.xml
Oct 14, 2024 7:31:01 PM com.jslam.controller.SettingsWindowController logMessage
FINE: Set setStartMini to: true
Oct 14, 2024 7:31:01 PM com.jslam.controller.SettingsWindowController logMessage
FINE: Saved setStartMini to: src\main\java\com\jslam\controller\config\config.xml
Oct 14, 2024 7:31:01 PM com.jslam.controller.SettingsWindowController logMessage
FINE: Set startEnabled to: true
Oct 14, 2024 7:31:01 PM com.jslam.controller.SettingsWindowController logMessage
FINE: Saved startEnabled to: src\main\java\com\jslam\controller\config\config.xml
Oct 14, 2024 7:31:07 PM com.jslam.controller.SettingsWindowController logMessage
FINE: Set setStartMini to: false
Oct 14, 2024 7:31:07 PM com.jslam.controller.SettingsWindowController logMessage
FINE: Saved setStartMini to: src\main\java\com\jslam\controller\config\config.xml
Oct 19, 2024 12:08:15 PM com.jslam.controller.SettingsWindowController logMessage
FINE: Set setMinSystemTray to: false
Oct 19, 2024 12:08:15 PM com.jslam.controller.SettingsWindowController logMessage
FINE: Saved setMinSystemTray to: src\main\java\com\jslam\controller\config\config.xml
Oct 19, 2024 12:25:20 PM com.jslam.controller.SettingsWindowController logMessage
FINE: Set setMinSystemTray to: true
Oct 19, 2024 12:25:20 PM com.jslam.controller.SettingsWindowController logMessage
FINE: Saved setMinSystemTray to: src\main\java\com\jslam\controller\config\config.xml
Oct 19, 2024 3:59:55 PM com.jslam.controller.SettingsWindowController logMessage
FINE: Set setMinSystemTray to: false
Oct 19, 2024 3:59:55 PM com.jslam.controller.SettingsWindowController logMessage
FINE: Saved setMinSystemTray to: src\main\java\com\jslam\controller\config\config.xml
Oct 19, 2024 4:02:44 PM com.jslam.controller.SettingsWindowController logMessage
FINE: Set setMinSystemTray to: true
Oct 19, 2024 4:02:44 PM com.jslam.controller.SettingsWindowController logMessage
FINE: Saved setMinSystemTray to: src\main\java\com\jslam\controller\config\config.xml
Oct 19, 2024 4:22:29 PM com.jslam.controller.SettingsWindowController logMessage
FINE: Set setMinSystemTray to: true
Oct 19, 2024 4:22:29 PM com.jslam.controller.SettingsWindowController logMessage
FINE: Saved setMinSystemTray to: src\main\java\com\jslam\controller\config\config.xml
Oct 19, 2024 4:25:21 PM com.jslam.controller.SettingsWindowController logMessage
FINE: Set setMinSystemTray to: false
Oct 19, 2024 4:25:21 PM com.jslam.controller.SettingsWindowController logMessage
FINE: Saved setMinSystemTray to: src\main\java\com\jslam\controller\config\config.xml
Oct 19, 2024 4:25:22 PM com.jslam.controller.SettingsWindowController logMessage
FINE: Set setMinSystemTray to: true
Oct 19, 2024 4:25:22 PM com.jslam.controller.SettingsWindowController logMessage
FINE: Saved setMinSystemTray to: src\main\java\com\jslam\controller\config\config.xml
Oct 19, 2024 4:25:23 PM com.jslam.controller.SettingsWindowController logMessage
FINE: Set setStartMini to: true
Oct 19, 2024 4:25:23 PM com.jslam.controller.SettingsWindowController logMessage
FINE: Saved setStartMini to: src\main\java\com\jslam\controller\config\config.xml
Oct 19, 2024 4:25:24 PM com.jslam.controller.SettingsWindowController logMessage
FINE: Set setStartMini to: false
Oct 19, 2024 4:25:24 PM com.jslam.controller.SettingsWindowController logMessage
FINE: Saved setStartMini to: src\main\java\com\jslam\controller\config\config.xml
Oct 19, 2024 4:25:26 PM com.jslam.controller.SettingsWindowController logMessage
FINE: Set setMinSystemTray to: false
Oct 19, 2024 4:25:26 PM com.jslam.controller.SettingsWindowController logMessage
FINE: Saved setMinSystemTray to: src\main\java\com\jslam\controller\config\config.xml
Oct 19, 2024 4:25:33 PM com.jslam.controller.SettingsWindowController logMessage
FINE: Set setMinSystemTray to: true
Oct 19, 2024 4:25:33 PM com.jslam.controller.SettingsWindowController logMessage
FINE: Saved setMinSystemTray to: src\main\java\com\jslam\controller\config\config.xml
Oct 19, 2024 4:26:28 PM com.jslam.controller.SettingsWindowController logMessage
FINE: Set logMessage to: true
Oct 19, 2024 4:26:28 PM com.jslam.controller.SettingsWindowController logMessage
FINE: Saved logMessage to: src\main\java\com\jslam\controller\config\config.xml
Oct 19, 2024 4:26:28 PM com.jslam.controller.SettingsWindowController logMessage
FINE: Logger Started
Oct 19, 2024 4:26:30 PM com.jslam.controller.SettingsWindowController logMessage
FINE: Set startEnabled to: true
Oct 19, 2024 4:26:30 PM com.jslam.controller.SettingsWindowController logMessage
FINE: Saved startEnabled to: src\main\java\com\jslam\controller\config\config.xml
Oct 19, 2024 4:26:31 PM com.jslam.controller.SettingsWindowController logMessage
FINE: Set setMinSystemTray to: false
Oct 19, 2024 4:26:31 PM com.jslam.controller.SettingsWindowController logMessage
FINE: Saved setMinSystemTray to: src\main\java\com\jslam\controller\config\config.xml
Oct 19, 2024 4:26:33 PM com.jslam.controller.SettingsWindowController logMessage
FINE: Set setStartMini to: false
Oct 19, 2024 4:26:33 PM com.jslam.controller.SettingsWindowController logMessage
FINE: Saved setStartMini to: src\main\java\com\jslam\controller\config\config.xml
Oct 19, 2024 4:26:39 PM com.jslam.controller.SettingsWindowController logMessage
FINE: Set setMinSystemTray to: true
Oct 19, 2024 4:26:39 PM com.jslam.controller.SettingsWindowController logMessage
FINE: Saved setMinSystemTray to: src\main\java\com\jslam\controller\config\config.xml
Oct 19, 2024 4:26:40 PM com.jslam.controller.SettingsWindowController logMessage
FINE: Set setStartMini to: true
Oct 19, 2024 4:26:40 PM com.jslam.controller.SettingsWindowController logMessage
FINE: Saved setStartMini to: src\main\java\com\jslam\controller\config\config.xml
Oct 19, 2024 4:26:42 PM com.jslam.controller.SettingsWindowController logMessage
FINE: Set setStartMini to: false
Oct 19, 2024 4:26:42 PM com.jslam.controller.SettingsWindowController logMessage
FINE: Saved setStartMini to: src\main\java\com\jslam\controller\config\config.xml
Oct 19, 2024 4:26:43 PM com.jslam.controller.SettingsWindowController logMessage
FINE: Set setMinSystemTray to: false
Oct 19, 2024 4:26:43 PM com.jslam.controller.SettingsWindowController logMessage
FINE: Saved setMinSystemTray to: src\main\java\com\jslam\controller\config\config.xml
Oct 19, 2024 4:26:47 PM com.jslam.controller.SettingsWindowController logMessage
FINE: Set setMinSystemTray to: true
Oct 19, 2024 4:26:47 PM com.jslam.controller.SettingsWindowController logMessage
FINE: Saved setMinSystemTray to: src\main\java\com\jslam\controller\config\config.xml
Oct 19, 2024 4:26:48 PM com.jslam.controller.SettingsWindowController logMessage
FINE: Set setStartMini to: true
Oct 19, 2024 4:26:48 PM com.jslam.controller.SettingsWindowController logMessage
FINE: Saved setStartMini to: src\main\java\com\jslam\controller\config\config.xml
Oct 19, 2024 4:26:50 PM com.jslam.controller.SettingsWindowController logMessage
FINE: Set startEnabled to: false
Oct 19, 2024 4:26:50 PM com.jslam.controller.SettingsWindowController logMessage
FINE: Saved startEnabled to: src\main\java\com\jslam\controller\config\config.xml
Oct 19, 2024 4:26:52 PM com.jslam.controller.SettingsWindowController logMessage
FINE: Set logMessage to: true
Oct 19, 2024 4:26:52 PM com.jslam.controller.SettingsWindowController logMessage
FINE: Saved logMessage to: src\main\java\com\jslam\controller\config\config.xml
Oct 19, 2024 4:26:52 PM com.jslam.controller.SettingsWindowController logMessage
FINE: Logger Started
Oct 19, 2024 4:26:55 PM com.jslam.controller.SettingsWindowController logMessage
FINE: Set logMessage to: true
Oct 19, 2024 4:26:55 PM com.jslam.controller.SettingsWindowController logMessage
FINE: Saved logMessage to: src\main\java\com\jslam\controller\config\config.xml
Oct 19, 2024 4:26:55 PM com.jslam.controller.SettingsWindowController logMessage
FINE: Logger Started
Oct 19, 2024 4:27:18 PM com.jslam.controller.SettingsWindowController logMessage
FINE: Set logMessage to: true
Oct 19, 2024 4:27:18 PM com.jslam.controller.SettingsWindowController logMessage
FINE: Saved logMessage to: src\main\java\com\jslam\controller\config\config.xml
Oct 19, 2024 4:27:18 PM com.jslam.controller.SettingsWindowController logMessage
FINE: Logger Started
Oct 19, 2024 4:27:31 PM com.jslam.controller.SettingsWindowController logMessage
FINE: Set logMessage to: true
Oct 19, 2024 4:27:31 PM com.jslam.controller.SettingsWindowController logMessage
FINE: Saved logMessage to: src\main\java\com\jslam\controller\config\config.xml
Oct 19, 2024 4:27:31 PM com.jslam.controller.SettingsWindowController logMessage
FINE: Logger Started
Oct 19, 2024 4:27:32 PM com.jslam.controller.SettingsWindowController logMessage
FINE: Set logMessage to: true
Oct 19, 2024 4:27:32 PM com.jslam.controller.SettingsWindowController logMessage
FINE: Saved logMessage to: src\main\java\com\jslam\controller\config\config.xml
Oct 19, 2024 4:27:32 PM com.jslam.controller.SettingsWindowController logMessage
FINE: Logger Started
Oct 19, 2024 4:27:32 PM com.jslam.controller.SettingsWindowController logMessage
FINE: Set logMessage to: true
Oct 19, 2024 4:27:32 PM com.jslam.controller.SettingsWindowController logMessage
FINE: Saved logMessage to: src\main\java\com\jslam\controller\config\config.xml
Oct 19, 2024 4:27:32 PM com.jslam.controller.SettingsWindowController logMessage
FINE: Logger Started
Oct 19, 2024 4:27:42 PM com.jslam.controller.SettingsWindowController logMessage
FINE: Set logMessage to: true
Oct 19, 2024 4:27:42 PM com.jslam.controller.SettingsWindowController logMessage
FINE: Saved logMessage to: src\main\java\com\jslam\controller\config\config.xml
Oct 19, 2024 4:27:42 PM com.jslam.controller.SettingsWindowController logMessage
FINE: Logger Started
